2024-07-08 15:22:44,497 [JavaFX Application Thread] DEBUG com.hrzj.yule.calc.mapper.mysql.CashMapper.selectPage_mpCount [137] - ==>  Preparing: SELECT COUNT(*) AS total FROM cash
2024-07-08 15:22:44,612 [JavaFX Application Thread] DEBUG com.hrzj.yule.calc.mapper.mysql.CashMapper.selectPage_mpCount [137] - ==> Parameters: 
2024-07-08 15:22:44,698 [JavaFX Application Thread] DEBUG com.hrzj.yule.calc.mapper.mysql.CashMapper.selectPage_mpCount [137] - <==      Total: 1
2024-07-08 15:22:44,708 [JavaFX Application Thread] DEBUG com.hrzj.yule.calc.mapper.mysql.CashMapper.selectPage [137] - ==>  Preparing: SELECT id,crId,roomName,roomTypeId,roomTypeName,businessDay,esName,startTime,endTime,foodFee,outMinFoodFee,serviceFee,serviceFeeMoney,totalMoney,cTrueMoney,cPayMode,cCashComment,cRoomComment,empId,empName,time,fixMoneyCard,fixMoneyCash,tipMoney,handlingFee,noReward,rewardOther,rewardActive,commission,remark,vip FROM cash ORDER BY id ASC LIMIT ?
2024-07-08 15:22:44,714 [JavaFX Application Thread] DEBUG com.hrzj.yule.calc.mapper.mysql.CashMapper.selectPage [137] - ==> Parameters: 50(Long)
2024-07-08 15:22:44,785 [JavaFX Application Thread] DEBUG com.hrzj.yule.calc.mapper.mysql.CashMapper.selectPage [137] - <==      Total: 50
2024-07-08 15:23:00,746 [JavaFX Application Thread] DEBUG com.hrzj.yule.calc.mapper.mysql.CashMapper.selectPage_mpCount [137] - ==>  Preparing: SELECT COUNT(*) AS total FROM cash
2024-07-08 15:23:00,748 [JavaFX Application Thread] DEBUG com.hrzj.yule.calc.mapper.mysql.CashMapper.selectPage_mpCount [137] - ==> Parameters: 
2024-07-08 15:23:00,751 [JavaFX Application Thread] DEBUG com.hrzj.yule.calc.mapper.mysql.CashMapper.selectPage_mpCount [137] - <==      Total: 1
2024-07-08 15:23:00,757 [JavaFX Application Thread] DEBUG com.hrzj.yule.calc.mapper.mysql.CashMapper.selectPage [137] - ==>  Preparing: SELECT id,crId,roomName,roomTypeId,roomTypeName,businessDay,esName,startTime,endTime,foodFee,outMinFoodFee,serviceFee,serviceFeeMoney,totalMoney,cTrueMoney,cPayMode,cCashComment,cRoomComment,empId,empName,time,fixMoneyCard,fixMoneyCash,tipMoney,handlingFee,noReward,rewardOther,rewardActive,commission,remark,vip FROM cash ORDER BY id ASC LIMIT ?,?
2024-07-08 15:23:00,761 [JavaFX Application Thread] DEBUG com.hrzj.yule.calc.mapper.mysql.CashMapper.selectPage [137] - ==> Parameters: 1450(Long), 50(Long)
2024-07-08 15:23:00,790 [JavaFX Application Thread] DEBUG com.hrzj.yule.calc.mapper.mysql.CashMapper.selectPage [137] - <==      Total: 21
2024-07-08 15:24:01,283 [pool-8-thread-1] DEBUG com.hrzj.yule.calc.mapper.mssql.CashProjectionMapper.findCash [137] - ==>  Preparing: SELECT cID, c_rID, SYGL_Data_20240701.dbo.Room.rName, rt.rtID, rt.rtName, cBusinessDay, es.esName, cStartTime, cEndTime, cFoodFee, cOutMinFoodFee, cServiceFee, cServiceFeeMoney, cTotalMoney, cTrueMoney, cPayMode, cCashComment, cRoomComment, e.eID, e.eName FROM SYGL_Data_20240701.dbo.Cash LEFT JOIN SYGL_Data_20240701.dbo.Room ON SYGL_Data_20240701.dbo.Room.rID = SYGL_Data_20240701.dbo.Cash.c_rID LEFT JOIN SYGL_Data_20240701.dbo.Employee e ON e.eID = SYGL_Data_20240701.dbo.Cash.c_managerEID LEFT JOIN SYGL_Data_20240701.dbo.EmployeeStation es ON es.esID = e.e_esID LEFT JOIN SYGL_Data_20240701.dbo.RoomType rt on rt.rtID = SYGL_Data_20240701.dbo.Room.r_rtID order by SYGL_Data_20240701.dbo.Cash.cEndTime asc;
2024-07-08 15:24:01,284 [pool-8-thread-1] DEBUG com.hrzj.yule.calc.mapper.mssql.CashProjectionMapper.findCash [137] - ==> Parameters: 
2024-07-08 15:24:01,663 [pool-8-thread-1] DEBUG com.hrzj.yule.calc.mapper.mssql.CashProjectionMapper.findCash [137] - <==      Total: 200
2024-07-08 15:24:12,052 [pool-8-thread-1] DEBUG com.hrzj.yule.calc.mapper.mssql.ShopListDetailCashMapper.findCashItems [137] - ==>  Preparing: select shopListDetail.sldID, SYGL_Data_20240701.dbo.shopList.sl_cID, SYGL_Data_20240701.dbo.shopList.slType, SYGL_Data_20240701.dbo.shopListDetail.sld_slID, SYGL_Data_20240701.dbo.Food.fID, SYGL_Data_20240701.dbo.Food.f_ftID, SYGL_Data_20240701.dbo.Food.fName, SYGL_Data_20240701.dbo.Food.fPrice2, ft.ftID, ft.ftName, sm.smID, sm.smName, sldQuantity, sldMoney, e.eID, e.eName from SYGL_Data_20240701.dbo.shopListDetail left join SYGL_Data_20240701.dbo.Food on SYGL_Data_20240701.dbo.Food.fID = SYGL_Data_20240701.dbo.shopListDetail.sld_fID LEFT JOIN SYGL_Data_20240701.dbo.shopList ON SYGL_Data_20240701.dbo.shopList.slID = SYGL_Data_20240701.dbo.shopListDetail.sld_slID LEFT JOIN SYGL_Data_20240701.dbo.foodType ft ON ft.ftID = SYGL_Data_20240701.dbo.Food.f_ftID LEFT JOIN SYGL_Data_20240701.dbo.ShopMode sm ON sm.smID = ft_smID LEFT JOIN SYGL_Data_20240701.dbo.Cash c ON c.cID = SYGL_Data_20240701.dbo.shopList.sl_cID LEFT JOIN SYGL_Data_20240701.dbo.Employee e ON e.eID = c.c_managerEID
2024-07-08 15:24:12,054 [pool-8-thread-1] DEBUG com.hrzj.yule.calc.mapper.mssql.ShopListDetailCashMapper.findCashItems [137] - ==> Parameters: 
2024-07-08 15:24:13,813 [pool-8-thread-1] DEBUG com.hrzj.yule.calc.mapper.mssql.ShopListDetailCashMapper.findCashItems [137] - <==      Total: 3690
2024-07-08 15:25:19,180 [pool-8-thread-1] DEBUG com.hrzj.yule.calc.mapper.mssql.CashProjectionMapper.cOutMinFoodFeeList [137] - ==>  Preparing: SELECT sld.sldID, c.cId, c.cOutMinFoodFee, sl.slID, sld.sld_fID, f.fName, sld.sldQuantity, sld.sldMoney, sld.sldInMinFee FROM SYGL_Data_20240701.dbo.cash c LEFT JOIN SYGL_Data_20240701.dbo.shopList sl ON sl.sl_cID = c.cid LEFT JOIN SYGL_Data_20240701.dbo.ShopListDetail sld ON sld.sld_slID = sl.slID LEFT JOIN SYGL_Data_20240701.dbo.Food f ON f.fID = sld.sld_fID WHERE sld.sldInMinFee = 0
2024-07-08 15:25:19,182 [pool-8-thread-1] DEBUG com.hrzj.yule.calc.mapper.mssql.CashProjectionMapper.cOutMinFoodFeeList [137] - ==> Parameters: 
2024-07-08 15:25:22,031 [pool-8-thread-1] DEBUG com.hrzj.yule.calc.mapper.mssql.CashProjectionMapper.cOutMinFoodFeeList [137] - <==      Total: 386
2024-07-08 15:25:36,679 [pool-8-thread-1] DEBUG com.hrzj.yule.calc.mapper.mssql.CashProjectionMapper.cPresentFoodFeeList [137] - ==>  Preparing: SELECT sld.sldID, c.cId, c.cOutMinFoodFee, sl.slID, sld.sld_fID, f.fName, sld.sldQuantity, sld.sldMoney, sld.sldInMinFee FROM SYGL_Data_20240701.dbo.cash c LEFT JOIN SYGL_Data_20240701.dbo.shopList sl ON sl.sl_cID = c.cid LEFT JOIN SYGL_Data_20240701.dbo.ShopListDetail sld ON sld.sld_slID = sl.slID LEFT JOIN SYGL_Data_20240701.dbo.Food f ON f.fID = sld.sld_fID WHERE sld.sldPresent =1
2024-07-08 15:25:36,681 [pool-8-thread-1] DEBUG com.hrzj.yule.calc.mapper.mssql.CashProjectionMapper.cPresentFoodFeeList [137] - ==> Parameters: 
2024-07-08 15:25:36,737 [pool-8-thread-1] DEBUG com.hrzj.yule.calc.mapper.mssql.CashProjectionMapper.cPresentFoodFeeList [137] - <==      Total: 190
2024-07-08 15:25:49,792 [pool-8-thread-1] DEBUG com.hrzj.yule.calc.mapper.mssql.FoodMapper.findAll [137] - ==>  Preparing: select * from SYGL_Data_20240701.dbo.Food
2024-07-08 15:25:49,793 [pool-8-thread-1] DEBUG com.hrzj.yule.calc.mapper.mssql.FoodMapper.findAll [137] - ==> Parameters: 
2024-07-08 15:25:50,169 [pool-8-thread-1] DEBUG com.hrzj.yule.calc.mapper.mssql.FoodMapper.findAll [137] - <==      Total: 686
2024-07-08 15:26:29,911 [JavaFX Application Thread] DEBUG com.hrzj.yule.calc.mapper.mysql.CashMapper.selectPage_mpCount [137] - ==>  Preparing: SELECT COUNT(*) AS total FROM cash
2024-07-08 15:26:29,913 [JavaFX Application Thread] DEBUG com.hrzj.yule.calc.mapper.mysql.CashMapper.selectPage_mpCount [137] - ==> Parameters: 
2024-07-08 15:26:29,918 [JavaFX Application Thread] DEBUG com.hrzj.yule.calc.mapper.mysql.CashMapper.selectPage_mpCount [137] - <==      Total: 1
2024-07-08 15:26:29,924 [JavaFX Application Thread] DEBUG com.hrzj.yule.calc.mapper.mysql.CashMapper.selectPage [137] - ==>  Preparing: SELECT id,crId,roomName,roomTypeId,roomTypeName,businessDay,esName,startTime,endTime,foodFee,outMinFoodFee,serviceFee,serviceFeeMoney,totalMoney,cTrueMoney,cPayMode,cCashComment,cRoomComment,empId,empName,time,fixMoneyCard,fixMoneyCash,tipMoney,handlingFee,noReward,rewardOther,rewardActive,commission,remark,vip FROM cash ORDER BY id ASC LIMIT ?
2024-07-08 15:26:29,929 [JavaFX Application Thread] DEBUG com.hrzj.yule.calc.mapper.mysql.CashMapper.selectPage [137] - ==> Parameters: 50(Long)
2024-07-08 15:26:29,986 [JavaFX Application Thread] DEBUG com.hrzj.yule.calc.mapper.mysql.CashMapper.selectPage [137] - <==      Total: 50
2024-07-08 15:26:48,095 [JavaFX Application Thread] DEBUG com.hrzj.yule.calc.mapper.mysql.CashMapper.selectPage_mpCount [137] - ==>  Preparing: SELECT COUNT(*) AS total FROM cash WHERE (businessDay BETWEEN ? AND ?)
2024-07-08 15:26:48,096 [JavaFX Application Thread] DEBUG com.hrzj.yule.calc.mapper.mysql.CashMapper.selectPage_mpCount [137] - ==> Parameters: 2024-06-20(String), 2024-06-30(String)
2024-07-08 15:26:48,100 [JavaFX Application Thread] DEBUG com.hrzj.yule.calc.mapper.mysql.CashMapper.selectPage_mpCount [137] - <==      Total: 1
2024-07-08 15:26:48,104 [JavaFX Application Thread] DEBUG com.hrzj.yule.calc.mapper.mysql.CashMapper.selectPage [137] - ==>  Preparing: SELECT id,crId,roomName,roomTypeId,roomTypeName,businessDay,esName,startTime,endTime,foodFee,outMinFoodFee,serviceFee,serviceFeeMoney,totalMoney,cTrueMoney,cPayMode,cCashComment,cRoomComment,empId,empName,time,fixMoneyCard,fixMoneyCash,tipMoney,handlingFee,noReward,rewardOther,rewardActive,commission,remark,vip FROM cash WHERE (businessDay BETWEEN ? AND ?) ORDER BY id ASC LIMIT ?
2024-07-08 15:26:48,107 [JavaFX Application Thread] DEBUG com.hrzj.yule.calc.mapper.mysql.CashMapper.selectPage [137] - ==> Parameters: 2024-06-20(String), 2024-06-30(String), 50(Long)
2024-07-08 15:26:48,159 [JavaFX Application Thread] DEBUG com.hrzj.yule.calc.mapper.mysql.CashMapper.selectPage [137] - <==      Total: 50
2024-07-08 15:27:18,592 [JavaFX Application Thread] DEBUG com.hrzj.yule.calc.mapper.mysql.CashMapper.selectPage_mpCount [137] - ==>  Preparing: SELECT COUNT(*) AS total FROM cash WHERE (businessDay BETWEEN ? AND ?)
2024-07-08 15:27:18,594 [JavaFX Application Thread] DEBUG com.hrzj.yule.calc.mapper.mysql.CashMapper.selectPage_mpCount [137] - ==> Parameters: 2024-06-26(String), 2024-06-30(String)
2024-07-08 15:27:18,597 [JavaFX Application Thread] DEBUG com.hrzj.yule.calc.mapper.mysql.CashMapper.selectPage_mpCount [137] - <==      Total: 1
2024-07-08 15:27:18,601 [JavaFX Application Thread] DEBUG com.hrzj.yule.calc.mapper.mysql.CashMapper.selectPage [137] - ==>  Preparing: SELECT id,crId,roomName,roomTypeId,roomTypeName,businessDay,esName,startTime,endTime,foodFee,outMinFoodFee,serviceFee,serviceFeeMoney,totalMoney,cTrueMoney,cPayMode,cCashComment,cRoomComment,empId,empName,time,fixMoneyCard,fixMoneyCash,tipMoney,handlingFee,noReward,rewardOther,rewardActive,commission,remark,vip FROM cash WHERE (businessDay BETWEEN ? AND ?) ORDER BY id ASC LIMIT ?
2024-07-08 15:27:18,606 [JavaFX Application Thread] DEBUG com.hrzj.yule.calc.mapper.mysql.CashMapper.selectPage [137] - ==> Parameters: 2024-06-26(String), 2024-06-30(String), 50(Long)
2024-07-08 15:27:18,661 [JavaFX Application Thread] DEBUG com.hrzj.yule.calc.mapper.mysql.CashMapper.selectPage [137] - <==      Total: 50
2024-07-08 15:28:06,819 [JavaFX Application Thread] DEBUG com.hrzj.yule.calc.mapper.mysql.CashMapper.selectPage_mpCount [137] - ==>  Preparing: SELECT COUNT(*) AS total FROM cash WHERE (businessDay BETWEEN ? AND ? AND id = ?)
2024-07-08 15:28:06,823 [JavaFX Application Thread] DEBUG com.hrzj.yule.calc.mapper.mysql.CashMapper.selectPage_mpCount [137] - ==> Parameters: 2024-06-26(String), 2024-06-30(String), 10061174(String)
2024-07-08 15:28:06,830 [JavaFX Application Thread] DEBUG com.hrzj.yule.calc.mapper.mysql.CashMapper.selectPage_mpCount [137] - <==      Total: 1
2024-07-08 15:28:06,837 [JavaFX Application Thread] DEBUG com.hrzj.yule.calc.mapper.mysql.CashMapper.selectPage [137] - ==>  Preparing: SELECT id,crId,roomName,roomTypeId,roomTypeName,businessDay,esName,startTime,endTime,foodFee,outMinFoodFee,serviceFee,serviceFeeMoney,totalMoney,cTrueMoney,cPayMode,cCashComment,cRoomComment,empId,empName,time,fixMoneyCard,fixMoneyCash,tipMoney,handlingFee,noReward,rewardOther,rewardActive,commission,remark,vip FROM cash WHERE (businessDay BETWEEN ? AND ? AND id = ?) ORDER BY id ASC LIMIT ?
2024-07-08 15:28:06,842 [JavaFX Application Thread] DEBUG com.hrzj.yule.calc.mapper.mysql.CashMapper.selectPage [137] - ==> Parameters: 2024-06-26(String), 2024-06-30(String), 10061174(String), 50(Long)
2024-07-08 15:28:06,852 [JavaFX Application Thread] DEBUG com.hrzj.yule.calc.mapper.mysql.CashMapper.selectPage [137] - <==      Total: 1
2024-07-08 15:28:22,449 [Thread-42] DEBUG com.hrzj.yule.calc.mapper.mysql.CashMapper.selectCount [137] - ==>  Preparing: SELECT COUNT( * ) AS total FROM cash WHERE (businessDay BETWEEN ? AND ? AND id = ?)
2024-07-08 15:28:22,452 [Thread-42] DEBUG com.hrzj.yule.calc.mapper.mysql.CashMapper.selectCount [137] - ==> Parameters: 2024-06-26(String), 2024-06-30(String), 10061174(String)
2024-07-08 15:28:22,454 [Thread-42] DEBUG com.hrzj.yule.calc.mapper.mysql.CashMapper.selectCount [137] - <==      Total: 1
2024-07-08 15:28:22,524 [Thread-42] DEBUG com.hrzj.yule.calc.mapper.mysql.CashMapper.selectList [137] - ==>  Preparing: SELECT id,crId,roomName,roomTypeId,roomTypeName,businessDay,esName,startTime,endTime,foodFee,outMinFoodFee,serviceFee,serviceFeeMoney,totalMoney,cTrueMoney,cPayMode,cCashComment,cRoomComment,empId,empName,time,fixMoneyCard,fixMoneyCash,tipMoney,handlingFee,noReward,rewardOther,rewardActive,commission,remark,vip FROM cash WHERE (businessDay BETWEEN ? AND ? AND id = ?) ORDER BY id ASC
2024-07-08 15:28:22,527 [Thread-42] DEBUG com.hrzj.yule.calc.mapper.mysql.CashMapper.selectList [137] - ==> Parameters: 2024-06-26(String), 2024-06-30(String), 10061174(String)
2024-07-08 15:28:22,537 [Thread-42] DEBUG com.hrzj.yule.calc.mapper.mysql.CashMapper.selectList [137] - <==      Total: 1
2024-07-08 15:28:22,552 [Thread-42] DEBUG com.hrzj.yule.calc.mapper.mysql.CashItemMapper.cashItemsByCid [137] - ==>  Preparing: select id, slType, bigType, bigTypeName, cId, empId, empName, foodId, foodName, foodTypeId, foodTypeName, money, quantity, cf.fPrice2 as fPrice, f_fuId, `time` from cash_item left join cash_food cf on cash_item.foodId = cf.fID WHERE cId = ? and slType!=1
2024-07-08 15:28:22,556 [Thread-42] DEBUG com.hrzj.yule.calc.mapper.mysql.CashItemMapper.cashItemsByCid [137] - ==> Parameters: 10061174(Long)
2024-07-08 15:28:22,625 [Thread-42] DEBUG com.hrzj.yule.calc.mapper.mysql.CashItemMapper.cashItemsByCid [137] - <==      Total: 22
2024-07-08 15:30:11,464 [Thread-42] DEBUG com.hrzj.yule.calc.mapper.mysql.FixCashMapper.selectList [137] - ==>  Preparing: select cashId, beerSale, compensation, discount, ham, importWine6000Sale, importWineSale, otherSale, redWineSale, snacksSale, subjoinSale, sumSale, total, businessDay from fix_cash
2024-07-08 15:30:11,466 [Thread-42] DEBUG com.hrzj.yule.calc.mapper.mysql.FixCashMapper.selectList [137] - ==> Parameters: 
2024-07-08 15:30:11,499 [Thread-42] DEBUG com.hrzj.yule.calc.mapper.mysql.FixCashMapper.selectList [137] - <==      Total: 1471
2024-07-08 15:30:12,335 [Thread-42] DEBUG com.hrzj.yule.calc.mapper.mysql.CashItemMapper.cashItemsByCidAndBusinessDay [137] - ==>  Preparing: select c.businessDay,c.id, ci.foodId,ci.bigTypeName,ci.foodTypeName, cf.fName,fu.fuName ,ci.quantity,ci.money,ci.empName from cash_item ci left join cash c on c.id = ci.cId left join cash_food cf on cf.fid = ci.foodId left join food_unit fu on fu.id = cf.f_fuId WHERE c.id = ? and c.businessDay between ? and ? order by c.businessDay,c.id,ci.foodTypeName asc
2024-07-08 15:30:12,335 [Thread-42] DEBUG com.hrzj.yule.calc.mapper.mysql.CashItemMapper.cashItemsByCidAndBusinessDay [137] - ==> Parameters: 10061174(String), 2024-06-26(String), 2024-06-30(String)
2024-07-08 15:30:12,370 [Thread-42] DEBUG com.hrzj.yule.calc.mapper.mysql.CashItemMapper.cashItemsByCidAndBusinessDay [137] - <==      Total: 23
2024-07-08 15:30:37,930 [Thread-43] DEBUG com.hrzj.yule.calc.mapper.mysql.CashMapper.selectCount [137] - ==>  Preparing: SELECT COUNT( * ) AS total FROM cash WHERE (businessDay BETWEEN ? AND ? AND id = ?)
2024-07-08 15:30:37,934 [Thread-43] DEBUG com.hrzj.yule.calc.mapper.mysql.CashMapper.selectCount [137] - ==> Parameters: 2024-06-26(String), 2024-06-30(String), 10061174(String)
2024-07-08 15:30:37,937 [Thread-43] DEBUG com.hrzj.yule.calc.mapper.mysql.CashMapper.selectCount [137] - <==      Total: 1
2024-07-08 15:30:37,989 [Thread-43] DEBUG com.hrzj.yule.calc.mapper.mysql.CashMapper.selectList [137] - ==>  Preparing: SELECT id,crId,roomName,roomTypeId,roomTypeName,businessDay,esName,startTime,endTime,foodFee,outMinFoodFee,serviceFee,serviceFeeMoney,totalMoney,cTrueMoney,cPayMode,cCashComment,cRoomComment,empId,empName,time,fixMoneyCard,fixMoneyCash,tipMoney,handlingFee,noReward,rewardOther,rewardActive,commission,remark,vip FROM cash WHERE (businessDay BETWEEN ? AND ? AND id = ?) ORDER BY id ASC
2024-07-08 15:30:37,995 [Thread-43] DEBUG com.hrzj.yule.calc.mapper.mysql.CashMapper.selectList [137] - ==> Parameters: 2024-06-26(String), 2024-06-30(String), 10061174(String)
2024-07-08 15:30:38,012 [Thread-43] DEBUG com.hrzj.yule.calc.mapper.mysql.CashMapper.selectList [137] - <==      Total: 1
2024-07-08 15:30:38,030 [Thread-43] DEBUG com.hrzj.yule.calc.mapper.mysql.CashItemMapper.cashItemsByCid [137] - ==>  Preparing: select id, slType, bigType, bigTypeName, cId, empId, empName, foodId, foodName, foodTypeId, foodTypeName, money, quantity, cf.fPrice2 as fPrice, f_fuId, `time` from cash_item left join cash_food cf on cash_item.foodId = cf.fID WHERE cId = ? and slType!=1
2024-07-08 15:30:38,036 [Thread-43] DEBUG com.hrzj.yule.calc.mapper.mysql.CashItemMapper.cashItemsByCid [137] - ==> Parameters: 10061174(Long)
2024-07-08 15:30:38,096 [Thread-43] DEBUG com.hrzj.yule.calc.mapper.mysql.CashItemMapper.cashItemsByCid [137] - <==      Total: 22
2024-07-08 15:33:35,400 [Thread-43] DEBUG com.hrzj.yule.calc.mapper.mysql.FixCashMapper.selectList [137] - ==>  Preparing: select cashId, beerSale, compensation, discount, ham, importWine6000Sale, importWineSale, otherSale, redWineSale, snacksSale, subjoinSale, sumSale, total, businessDay from fix_cash
2024-07-08 15:33:35,401 [Thread-43] DEBUG com.hrzj.yule.calc.mapper.mysql.FixCashMapper.selectList [137] - ==> Parameters: 
2024-07-08 15:33:35,413 [Thread-43] DEBUG com.hrzj.yule.calc.mapper.mysql.FixCashMapper.selectList [137] - <==      Total: 1471
2024-07-08 15:33:35,443 [Thread-43] DEBUG com.hrzj.yule.calc.mapper.mysql.CashItemMapper.cashItemsByCidAndBusinessDay [137] - ==>  Preparing: select c.businessDay,c.id, ci.foodId,ci.bigTypeName,ci.foodTypeName, cf.fName,fu.fuName ,ci.quantity,ci.money,ci.empName from cash_item ci left join cash c on c.id = ci.cId left join cash_food cf on cf.fid = ci.foodId left join food_unit fu on fu.id = cf.f_fuId WHERE c.id = ? and c.businessDay between ? and ? order by c.businessDay,c.id,ci.foodTypeName asc
2024-07-08 15:33:35,444 [Thread-43] DEBUG com.hrzj.yule.calc.mapper.mysql.CashItemMapper.cashItemsByCidAndBusinessDay [137] - ==> Parameters: 10061174(String), 2024-06-26(String), 2024-06-30(String)
2024-07-08 15:33:35,470 [Thread-43] DEBUG com.hrzj.yule.calc.mapper.mysql.CashItemMapper.cashItemsByCidAndBusinessDay [137] - <==      Total: 23
2024-07-08 15:40:45,030 [JavaFX Application Thread] DEBUG com.hrzj.yule.calc.mapper.mysql.CashMapper.selectPage_mpCount [137] - ==>  Preparing: SELECT COUNT(*) AS total FROM cash
2024-07-08 15:40:45,151 [JavaFX Application Thread] DEBUG com.hrzj.yule.calc.mapper.mysql.CashMapper.selectPage_mpCount [137] - ==> Parameters: 
2024-07-08 15:40:45,236 [JavaFX Application Thread] DEBUG com.hrzj.yule.calc.mapper.mysql.CashMapper.selectPage_mpCount [137] - <==      Total: 1
2024-07-08 15:40:45,248 [JavaFX Application Thread] DEBUG com.hrzj.yule.calc.mapper.mysql.CashMapper.selectPage [137] - ==>  Preparing: SELECT id,crId,roomName,roomTypeId,roomTypeName,businessDay,esName,startTime,endTime,foodFee,outMinFoodFee,serviceFee,serviceFeeMoney,totalMoney,cTrueMoney,cPayMode,cCashComment,cRoomComment,empId,empName,time,fixMoneyCard,fixMoneyCash,tipMoney,handlingFee,noReward,rewardOther,rewardActive,commission,remark,vip FROM cash ORDER BY id ASC LIMIT ?
2024-07-08 15:40:45,252 [JavaFX Application Thread] DEBUG com.hrzj.yule.calc.mapper.mysql.CashMapper.selectPage [137] - ==> Parameters: 50(Long)
2024-07-08 15:40:45,332 [JavaFX Application Thread] DEBUG com.hrzj.yule.calc.mapper.mysql.CashMapper.selectPage [137] - <==      Total: 50
2024-07-08 15:41:02,810 [JavaFX Application Thread] DEBUG com.hrzj.yule.calc.mapper.mysql.CashMapper.selectPage_mpCount [137] - ==>  Preparing: SELECT COUNT(*) AS total FROM cash WHERE (id = ?)
2024-07-08 15:41:02,811 [JavaFX Application Thread] DEBUG com.hrzj.yule.calc.mapper.mysql.CashMapper.selectPage_mpCount [137] - ==> Parameters: 10061174(String)
2024-07-08 15:41:02,815 [JavaFX Application Thread] DEBUG com.hrzj.yule.calc.mapper.mysql.CashMapper.selectPage_mpCount [137] - <==      Total: 1
2024-07-08 15:41:02,819 [JavaFX Application Thread] DEBUG com.hrzj.yule.calc.mapper.mysql.CashMapper.selectPage [137] - ==>  Preparing: SELECT id,crId,roomName,roomTypeId,roomTypeName,businessDay,esName,startTime,endTime,foodFee,outMinFoodFee,serviceFee,serviceFeeMoney,totalMoney,cTrueMoney,cPayMode,cCashComment,cRoomComment,empId,empName,time,fixMoneyCard,fixMoneyCash,tipMoney,handlingFee,noReward,rewardOther,rewardActive,commission,remark,vip FROM cash WHERE (id = ?) ORDER BY id ASC LIMIT ?
2024-07-08 15:41:02,823 [JavaFX Application Thread] DEBUG com.hrzj.yule.calc.mapper.mysql.CashMapper.selectPage [137] - ==> Parameters: 10061174(String), 50(Long)
2024-07-08 15:41:02,832 [JavaFX Application Thread] DEBUG com.hrzj.yule.calc.mapper.mysql.CashMapper.selectPage [137] - <==      Total: 1
2024-07-08 15:41:16,038 [Thread-37] DEBUG com.hrzj.yule.calc.mapper.mysql.CashMapper.selectCount [137] - ==>  Preparing: SELECT COUNT( * ) AS total FROM cash WHERE (id = ?)
2024-07-08 15:41:16,040 [Thread-37] DEBUG com.hrzj.yule.calc.mapper.mysql.CashMapper.selectCount [137] - ==> Parameters: 10061174(String)
2024-07-08 15:41:16,042 [Thread-37] DEBUG com.hrzj.yule.calc.mapper.mysql.CashMapper.selectCount [137] - <==      Total: 1
2024-07-08 15:41:16,120 [Thread-37] DEBUG com.hrzj.yule.calc.mapper.mysql.CashMapper.selectList [137] - ==>  Preparing: SELECT id,crId,roomName,roomTypeId,roomTypeName,businessDay,esName,startTime,endTime,foodFee,outMinFoodFee,serviceFee,serviceFeeMoney,totalMoney,cTrueMoney,cPayMode,cCashComment,cRoomComment,empId,empName,time,fixMoneyCard,fixMoneyCash,tipMoney,handlingFee,noReward,rewardOther,rewardActive,commission,remark,vip FROM cash WHERE (id = ?) ORDER BY id ASC
2024-07-08 15:41:16,124 [Thread-37] DEBUG com.hrzj.yule.calc.mapper.mysql.CashMapper.selectList [137] - ==> Parameters: 10061174(String)
2024-07-08 15:41:16,133 [Thread-37] DEBUG com.hrzj.yule.calc.mapper.mysql.CashMapper.selectList [137] - <==      Total: 1
2024-07-08 15:41:16,149 [Thread-37] DEBUG com.hrzj.yule.calc.mapper.mysql.CashItemMapper.cashItemsByCid [137] - ==>  Preparing: select id, slType, bigType, bigTypeName, cId, empId, empName, foodId, foodName, foodTypeId, foodTypeName, money, quantity, cf.fPrice2 as fPrice, f_fuId, `time` from cash_item left join cash_food cf on cash_item.foodId = cf.fID WHERE cId = ? and slType!=1
2024-07-08 15:41:16,153 [Thread-37] DEBUG com.hrzj.yule.calc.mapper.mysql.CashItemMapper.cashItemsByCid [137] - ==> Parameters: 10061174(Long)
2024-07-08 15:41:16,211 [Thread-37] DEBUG com.hrzj.yule.calc.mapper.mysql.CashItemMapper.cashItemsByCid [137] - <==      Total: 22
2024-07-08 15:42:55,591 [Thread-37] DEBUG com.hrzj.yule.calc.mapper.mysql.FixCashMapper.selectList [137] - ==>  Preparing: select cashId, beerSale, compensation, discount, ham, importWine6000Sale, importWineSale, otherSale, redWineSale, snacksSale, subjoinSale, sumSale, total, businessDay from fix_cash
2024-07-08 15:42:55,592 [Thread-37] DEBUG com.hrzj.yule.calc.mapper.mysql.FixCashMapper.selectList [137] - ==> Parameters: 
2024-07-08 15:43:50,639 [JavaFX Application Thread] DEBUG com.hrzj.yule.calc.mapper.mysql.CashMapper.selectPage_mpCount [137] - ==>  Preparing: SELECT COUNT(*) AS total FROM cash
2024-07-08 15:43:50,757 [JavaFX Application Thread] DEBUG com.hrzj.yule.calc.mapper.mysql.CashMapper.selectPage_mpCount [137] - ==> Parameters: 
2024-07-08 15:43:50,842 [JavaFX Application Thread] DEBUG com.hrzj.yule.calc.mapper.mysql.CashMapper.selectPage_mpCount [137] - <==      Total: 1
2024-07-08 15:43:50,854 [JavaFX Application Thread] DEBUG com.hrzj.yule.calc.mapper.mysql.CashMapper.selectPage [137] - ==>  Preparing: SELECT id,crId,roomName,roomTypeId,roomTypeName,businessDay,esName,startTime,endTime,foodFee,outMinFoodFee,serviceFee,serviceFeeMoney,totalMoney,cTrueMoney,cPayMode,cCashComment,cRoomComment,empId,empName,time,fixMoneyCard,fixMoneyCash,tipMoney,handlingFee,noReward,rewardOther,rewardActive,commission,remark,vip FROM cash ORDER BY id ASC LIMIT ?
2024-07-08 15:43:50,859 [JavaFX Application Thread] DEBUG com.hrzj.yule.calc.mapper.mysql.CashMapper.selectPage [137] - ==> Parameters: 50(Long)
2024-07-08 15:43:50,937 [JavaFX Application Thread] DEBUG com.hrzj.yule.calc.mapper.mysql.CashMapper.selectPage [137] - <==      Total: 50
2024-07-08 15:43:56,575 [JavaFX Application Thread] DEBUG com.hrzj.yule.calc.mapper.mysql.CashMapper.selectPage_mpCount [137] - ==>  Preparing: SELECT COUNT(*) AS total FROM cash WHERE (id = ?)
2024-07-08 15:43:56,577 [JavaFX Application Thread] DEBUG com.hrzj.yule.calc.mapper.mysql.CashMapper.selectPage_mpCount [137] - ==> Parameters: 10061174(String)
2024-07-08 15:43:56,581 [JavaFX Application Thread] DEBUG com.hrzj.yule.calc.mapper.mysql.CashMapper.selectPage_mpCount [137] - <==      Total: 1
2024-07-08 15:43:56,585 [JavaFX Application Thread] DEBUG com.hrzj.yule.calc.mapper.mysql.CashMapper.selectPage [137] - ==>  Preparing: SELECT id,crId,roomName,roomTypeId,roomTypeName,businessDay,esName,startTime,endTime,foodFee,outMinFoodFee,serviceFee,serviceFeeMoney,totalMoney,cTrueMoney,cPayMode,cCashComment,cRoomComment,empId,empName,time,fixMoneyCard,fixMoneyCash,tipMoney,handlingFee,noReward,rewardOther,rewardActive,commission,remark,vip FROM cash WHERE (id = ?) ORDER BY id ASC LIMIT ?
2024-07-08 15:43:56,588 [JavaFX Application Thread] DEBUG com.hrzj.yule.calc.mapper.mysql.CashMapper.selectPage [137] - ==> Parameters: 10061174(String), 50(Long)
2024-07-08 15:43:56,597 [JavaFX Application Thread] DEBUG com.hrzj.yule.calc.mapper.mysql.CashMapper.selectPage [137] - <==      Total: 1
2024-07-08 15:44:16,864 [Thread-39] DEBUG com.hrzj.yule.calc.mapper.mysql.CashMapper.selectCount [137] - ==>  Preparing: SELECT COUNT( * ) AS total FROM cash WHERE (id = ?)
2024-07-08 15:44:16,865 [Thread-39] DEBUG com.hrzj.yule.calc.mapper.mysql.CashMapper.selectCount [137] - ==> Parameters: 10061174(String)
2024-07-08 15:44:16,868 [Thread-39] DEBUG com.hrzj.yule.calc.mapper.mysql.CashMapper.selectCount [137] - <==      Total: 1
2024-07-08 15:44:16,953 [Thread-39] DEBUG com.hrzj.yule.calc.mapper.mysql.CashMapper.selectList [137] - ==>  Preparing: SELECT id,crId,roomName,roomTypeId,roomTypeName,businessDay,esName,startTime,endTime,foodFee,outMinFoodFee,serviceFee,serviceFeeMoney,totalMoney,cTrueMoney,cPayMode,cCashComment,cRoomComment,empId,empName,time,fixMoneyCard,fixMoneyCash,tipMoney,handlingFee,noReward,rewardOther,rewardActive,commission,remark,vip FROM cash WHERE (id = ?) ORDER BY id ASC
2024-07-08 15:44:16,957 [Thread-39] DEBUG com.hrzj.yule.calc.mapper.mysql.CashMapper.selectList [137] - ==> Parameters: 10061174(String)
2024-07-08 15:44:16,966 [Thread-39] DEBUG com.hrzj.yule.calc.mapper.mysql.CashMapper.selectList [137] - <==      Total: 1
2024-07-08 15:44:16,981 [Thread-39] DEBUG com.hrzj.yule.calc.mapper.mysql.CashItemMapper.cashItemsByCid [137] - ==>  Preparing: select id, slType, bigType, bigTypeName, cId, empId, empName, foodId, foodName, foodTypeId, foodTypeName, money, quantity, cf.fPrice2 as fPrice, f_fuId, `time` from cash_item left join cash_food cf on cash_item.foodId = cf.fID WHERE cId = ? and slType!=1
2024-07-08 15:44:16,985 [Thread-39] DEBUG com.hrzj.yule.calc.mapper.mysql.CashItemMapper.cashItemsByCid [137] - ==> Parameters: 10061174(Long)
2024-07-08 15:44:17,048 [Thread-39] DEBUG com.hrzj.yule.calc.mapper.mysql.CashItemMapper.cashItemsByCid [137] - <==      Total: 22
2024-07-08 15:45:41,354 [Thread-39] DEBUG com.hrzj.yule.calc.mapper.mysql.FixCashMapper.selectList [137] - ==>  Preparing: select cashId, beerSale, compensation, discount, ham, importWine6000Sale, importWineSale, otherSale, redWineSale, snacksSale, subjoinSale, sumSale, total, businessDay from fix_cash
2024-07-08 15:45:41,355 [Thread-39] DEBUG com.hrzj.yule.calc.mapper.mysql.FixCashMapper.selectList [137] - ==> Parameters: 
2024-07-08 15:45:41,381 [Thread-39] DEBUG com.hrzj.yule.calc.mapper.mysql.FixCashMapper.selectList [137] - <==      Total: 1471
2024-07-08 15:45:42,044 [Thread-39] DEBUG com.hrzj.yule.calc.mapper.mysql.CashItemMapper.cashItemsByCidAndBusinessDay [137] - ==>  Preparing: select c.businessDay,c.id, ci.foodId,ci.bigTypeName,ci.foodTypeName, cf.fName,fu.fuName ,ci.quantity,ci.money,ci.empName from cash_item ci left join cash c on c.id = ci.cId left join cash_food cf on cf.fid = ci.foodId left join food_unit fu on fu.id = cf.f_fuId WHERE c.id = ? order by c.businessDay,c.id,ci.foodTypeName asc
2024-07-08 15:45:42,045 [Thread-39] DEBUG com.hrzj.yule.calc.mapper.mysql.CashItemMapper.cashItemsByCidAndBusinessDay [137] - ==> Parameters: 10061174(String)
2024-07-08 15:45:42,076 [Thread-39] DEBUG com.hrzj.yule.calc.mapper.mysql.CashItemMapper.cashItemsByCidAndBusinessDay [137] - <==      Total: 23
2024-07-08 15:45:56,634 [Thread-40] DEBUG com.hrzj.yule.calc.mapper.mysql.CashMapper.selectCount [137] - ==>  Preparing: SELECT COUNT( * ) AS total FROM cash WHERE (id = ?)
2024-07-08 15:45:56,636 [Thread-40] DEBUG com.hrzj.yule.calc.mapper.mysql.CashMapper.selectCount [137] - ==> Parameters: 10061174(String)
2024-07-08 15:45:56,639 [Thread-40] DEBUG com.hrzj.yule.calc.mapper.mysql.CashMapper.selectCount [137] - <==      Total: 1
2024-07-08 15:45:57,040 [Thread-40] DEBUG com.hrzj.yule.calc.mapper.mysql.CashMapper.fixMoney [137] - ==>  Preparing: update cash set fixMoneyCard = ?, fixMoneyCash = ?, tipMoney = ?, handlingFee = ?, noReward = ?, rewardOther = ?, rewardActive = ?, commission = ?, remark = ?, vip = ? where id = ?
2024-07-08 15:45:57,050 [Thread-40] DEBUG com.hrzj.yule.calc.mapper.mysql.CashMapper.fixMoney [137] - ==> Parameters: null, null, null, null, null, null, null, null, null, 否(String), 10061174(Long)
2024-07-08 15:45:57,054 [Thread-40] DEBUG com.hrzj.yule.calc.mapper.mysql.CashMapper.fixMoney [137] - <==    Updates: 1
2024-07-08 15:45:57,111 [Thread-40] DEBUG com.hrzj.yule.calc.mapper.mysql.FixCashMapper.deleteFixCash [137] - ==>  Preparing: delete from fix_cash where cashId in ( ? )
2024-07-08 15:45:57,112 [Thread-40] DEBUG com.hrzj.yule.calc.mapper.mysql.FixCashMapper.deleteFixCash [137] - ==> Parameters: 10061174(Long)
2024-07-08 15:45:57,115 [Thread-40] DEBUG com.hrzj.yule.calc.mapper.mysql.FixCashMapper.deleteFixCash [137] - <==    Updates: 0
2024-07-08 15:45:57,130 [Thread-40] DEBUG com.hrzj.yule.calc.mapper.mysql.FixCashMapper.batchInsert [137] - ==>  Preparing: insert into fix_cash(cashId,beerSale,compensation,discount,ham,importWine6000Sale,importWineSale,otherSale,redWineSale,snacksSale,subjoinSale,sumSale,total,businessDay) values (?, ?, ?, ?, ?, ?, ?, ?, ?, ?, ?,?, ?,?)
2024-07-08 15:45:57,138 [Thread-40] DEBUG com.hrzj.yule.calc.mapper.mysql.FixCashMapper.batchInsert [137] - ==> Parameters: 10061174(Long), null, 945.0(BigDecimal), 100.0(BigDecimal), null, 0.0(BigDecimal), 14080.0(BigDecimal), 3547.0(BigDecimal), null, 248.0(BigDecimal), 2180.0(BigDecimal), 20055.0(BigDecimal), 21000.0(BigDecimal), 2024-06-26(String)
2024-07-08 15:45:57,141 [Thread-40] DEBUG com.hrzj.yule.calc.mapper.mysql.FixCashMapper.batchInsert [137] - <==    Updates: 1
2024-07-08 15:45:57,199 [Thread-40] DEBUG com.hrzj.yule.calc.mapper.mysql.CashMapper.selectList [137] - ==>  Preparing: SELECT id,crId,roomName,roomTypeId,roomTypeName,businessDay,esName,startTime,endTime,foodFee,outMinFoodFee,serviceFee,serviceFeeMoney,totalMoney,cTrueMoney,cPayMode,cCashComment,cRoomComment,empId,empName,time,fixMoneyCard,fixMoneyCash,tipMoney,handlingFee,noReward,rewardOther,rewardActive,commission,remark,vip FROM cash WHERE (id = ?) ORDER BY id ASC
2024-07-08 15:45:57,205 [Thread-40] DEBUG com.hrzj.yule.calc.mapper.mysql.CashMapper.selectList [137] - ==> Parameters: 10061174(String)
2024-07-08 15:45:57,216 [Thread-40] DEBUG com.hrzj.yule.calc.mapper.mysql.CashMapper.selectList [137] - <==      Total: 1
2024-07-08 15:45:57,234 [Thread-40] DEBUG com.hrzj.yule.calc.mapper.mysql.CashItemMapper.cashItemsByCid [137] - ==>  Preparing: select id, slType, bigType, bigTypeName, cId, empId, empName, foodId, foodName, foodTypeId, foodTypeName, money, quantity, cf.fPrice2 as fPrice, f_fuId, `time` from cash_item left join cash_food cf on cash_item.foodId = cf.fID WHERE cId = ? and slType!=1
2024-07-08 15:45:57,237 [Thread-40] DEBUG com.hrzj.yule.calc.mapper.mysql.CashItemMapper.cashItemsByCid [137] - ==> Parameters: 10061174(Long)
2024-07-08 15:45:57,297 [Thread-40] DEBUG com.hrzj.yule.calc.mapper.mysql.CashItemMapper.cashItemsByCid [137] - <==      Total: 22
2024-07-08 15:46:22,641 [Thread-40] DEBUG com.hrzj.yule.calc.mapper.mysql.FixCashMapper.selectList [137] - ==>  Preparing: select cashId, beerSale, compensation, discount, ham, importWine6000Sale, importWineSale, otherSale, redWineSale, snacksSale, subjoinSale, sumSale, total, businessDay from fix_cash
2024-07-08 15:46:22,642 [Thread-40] DEBUG com.hrzj.yule.calc.mapper.mysql.FixCashMapper.selectList [137] - ==> Parameters: 
2024-07-08 15:46:22,656 [Thread-40] DEBUG com.hrzj.yule.calc.mapper.mysql.FixCashMapper.selectList [137] - <==      Total: 1472
2024-07-08 15:46:22,694 [Thread-40] DEBUG com.hrzj.yule.calc.mapper.mysql.CashItemMapper.cashItemsByCidAndBusinessDay [137] - ==>  Preparing: select c.businessDay,c.id, ci.foodId,ci.bigTypeName,ci.foodTypeName, cf.fName,fu.fuName ,ci.quantity,ci.money,ci.empName from cash_item ci left join cash c on c.id = ci.cId left join cash_food cf on cf.fid = ci.foodId left join food_unit fu on fu.id = cf.f_fuId WHERE c.id = ? order by c.businessDay,c.id,ci.foodTypeName asc
2024-07-08 15:46:22,694 [Thread-40] DEBUG com.hrzj.yule.calc.mapper.mysql.CashItemMapper.cashItemsByCidAndBusinessDay [137] - ==> Parameters: 10061174(String)
2024-07-08 15:46:22,720 [Thread-40] DEBUG com.hrzj.yule.calc.mapper.mysql.CashItemMapper.cashItemsByCidAndBusinessDay [137] - <==      Total: 23
2024-07-08 16:07:38,579 [JavaFX Application Thread] DEBUG com.hrzj.yule.calc.mapper.mysql.CashMapper.selectPage_mpCount [137] - ==>  Preparing: SELECT COUNT(*) AS total FROM cash
2024-07-08 16:07:38,589 [JavaFX Application Thread] DEBUG com.hrzj.yule.calc.mapper.mysql.CashMapper.selectPage_mpCount [137] - ==> Parameters: 
2024-07-08 16:07:38,598 [JavaFX Application Thread] DEBUG com.hrzj.yule.calc.mapper.mysql.CashMapper.selectPage_mpCount [137] - <==      Total: 1
2024-07-08 16:07:38,600 [JavaFX Application Thread] DEBUG com.hrzj.yule.calc.mapper.mysql.CashMapper.selectPage [137] - ==>  Preparing: SELECT id,crId,roomName,roomTypeId,roomTypeName,businessDay,esName,startTime,endTime,foodFee,outMinFoodFee,serviceFee,serviceFeeMoney,totalMoney,cTrueMoney,cPayMode,cCashComment,cRoomComment,empId,empName,time,fixMoneyCard,fixMoneyCash,tipMoney,handlingFee,noReward,rewardOther,rewardActive,commission,remark,vip FROM cash ORDER BY id ASC LIMIT ?
2024-07-08 16:07:38,601 [JavaFX Application Thread] DEBUG com.hrzj.yule.calc.mapper.mysql.CashMapper.selectPage [137] - ==> Parameters: 50(Long)
2024-07-08 16:07:38,614 [JavaFX Application Thread] DEBUG com.hrzj.yule.calc.mapper.mysql.CashMapper.selectPage [137] - <==      Total: 50
2024-07-08 16:07:58,018 [JavaFX Application Thread] DEBUG com.hrzj.yule.calc.mapper.mysql.CashMapper.selectPage_mpCount [137] - ==>  Preparing: SELECT COUNT(*) AS total FROM cash WHERE (id = ?)
2024-07-08 16:07:58,019 [JavaFX Application Thread] DEBUG com.hrzj.yule.calc.mapper.mysql.CashMapper.selectPage_mpCount [137] - ==> Parameters: 10061174(String)
2024-07-08 16:07:58,020 [JavaFX Application Thread] DEBUG com.hrzj.yule.calc.mapper.mysql.CashMapper.selectPage_mpCount [137] - <==      Total: 1
2024-07-08 16:07:58,021 [JavaFX Application Thread] DEBUG com.hrzj.yule.calc.mapper.mysql.CashMapper.selectPage [137] - ==>  Preparing: SELECT id,crId,roomName,roomTypeId,roomTypeName,businessDay,esName,startTime,endTime,foodFee,outMinFoodFee,serviceFee,serviceFeeMoney,totalMoney,cTrueMoney,cPayMode,cCashComment,cRoomComment,empId,empName,time,fixMoneyCard,fixMoneyCash,tipMoney,handlingFee,noReward,rewardOther,rewardActive,commission,remark,vip FROM cash WHERE (id = ?) ORDER BY id ASC LIMIT ?
2024-07-08 16:07:58,021 [JavaFX Application Thread] DEBUG com.hrzj.yule.calc.mapper.mysql.CashMapper.selectPage [137] - ==> Parameters: 10061174(String), 50(Long)
2024-07-08 16:07:58,023 [JavaFX Application Thread] DEBUG com.hrzj.yule.calc.mapper.mysql.CashMapper.selectPage [137] - <==      Total: 1
2024-07-08 16:08:01,463 [Thread-29] DEBUG com.hrzj.yule.calc.mapper.mysql.CashMapper.selectCount [137] - ==>  Preparing: SELECT COUNT( * ) AS total FROM cash WHERE (id = ?)
2024-07-08 16:08:01,464 [Thread-29] DEBUG com.hrzj.yule.calc.mapper.mysql.CashMapper.selectCount [137] - ==> Parameters: 10061174(String)
2024-07-08 16:08:01,466 [Thread-29] DEBUG com.hrzj.yule.calc.mapper.mysql.CashMapper.selectCount [137] - <==      Total: 1
2024-07-08 16:08:01,706 [Thread-29] DEBUG com.hrzj.yule.calc.mapper.mysql.CashMapper.selectList [137] - ==>  Preparing: SELECT id,crId,roomName,roomTypeId,roomTypeName,businessDay,esName,startTime,endTime,foodFee,outMinFoodFee,serviceFee,serviceFeeMoney,totalMoney,cTrueMoney,cPayMode,cCashComment,cRoomComment,empId,empName,time,fixMoneyCard,fixMoneyCash,tipMoney,handlingFee,noReward,rewardOther,rewardActive,commission,remark,vip FROM cash WHERE (id = ?) ORDER BY id ASC
2024-07-08 16:08:01,706 [Thread-29] DEBUG com.hrzj.yule.calc.mapper.mysql.CashMapper.selectList [137] - ==> Parameters: 10061174(String)
2024-07-08 16:08:01,709 [Thread-29] DEBUG com.hrzj.yule.calc.mapper.mysql.CashMapper.selectList [137] - <==      Total: 1
2024-07-08 16:08:01,721 [Thread-29] DEBUG com.hrzj.yule.calc.mapper.mysql.CashItemMapper.cashItemsByCid [137] - ==>  Preparing: select id, slType, bigType, bigTypeName, cId, empId, empName, foodId, foodName, foodTypeId, foodTypeName, money, quantity, cf.fPrice2 as fPrice, f_fuId, `time` from cash_item left join cash_food cf on cash_item.foodId = cf.fID WHERE cId = ? and slType!=1
2024-07-08 16:08:01,721 [Thread-29] DEBUG com.hrzj.yule.calc.mapper.mysql.CashItemMapper.cashItemsByCid [137] - ==> Parameters: 10061174(Long)
2024-07-08 16:08:01,755 [Thread-29] DEBUG com.hrzj.yule.calc.mapper.mysql.CashItemMapper.cashItemsByCid [137] - <==      Total: 22
2024-07-08 16:08:01,910 [Thread-29] DEBUG com.hrzj.yule.calc.mapper.mysql.FixCashMapper.selectList [137] - ==>  Preparing: select cashId, beerSale, compensation, discount, ham, importWine6000Sale, importWineSale, otherSale, redWineSale, snacksSale, subjoinSale, sumSale, total, businessDay from fix_cash
2024-07-08 16:08:01,910 [Thread-29] DEBUG com.hrzj.yule.calc.mapper.mysql.FixCashMapper.selectList [137] - ==> Parameters: 
2024-07-08 16:08:01,929 [Thread-29] DEBUG com.hrzj.yule.calc.mapper.mysql.FixCashMapper.selectList [137] - <==      Total: 1472
2024-07-08 16:08:02,536 [Thread-29] DEBUG com.hrzj.yule.calc.mapper.mysql.CashItemMapper.cashItemsByCidAndBusinessDay [137] - ==>  Preparing: select c.businessDay,c.id, ci.foodId,ci.bigTypeName,ci.foodTypeName, cf.fName,fu.fuName ,ci.quantity,ci.money,ci.empName, CASE WHEN cpf.sldID IS NOT NULL THEN '否' ELSE '是' END AS present from cash_item ci left join cash c on c.id = ci.cId left join cash_food cf on cf.fid = ci.foodId left join food_unit fu on fu.id = cf.f_fuId left join cash_present_food cpf on cpf.sldID = ci.id WHERE c.id = ? order by c.businessDay,c.id,ci.foodTypeName asc
2024-07-08 16:08:02,536 [Thread-29] DEBUG com.hrzj.yule.calc.mapper.mysql.CashItemMapper.cashItemsByCidAndBusinessDay [137] - ==> Parameters: 10061174(String)
2024-07-08 16:08:02,561 [Thread-29] DEBUG com.hrzj.yule.calc.mapper.mysql.CashItemMapper.cashItemsByCidAndBusinessDay [137] - <==      Total: 23
2024-07-08 16:14:12,740 [JavaFX Application Thread] DEBUG com.hrzj.yule.calc.mapper.mysql.CashMapper.selectPage_mpCount [137] - ==>  Preparing: SELECT COUNT(*) AS total FROM cash
2024-07-08 16:14:12,749 [JavaFX Application Thread] DEBUG com.hrzj.yule.calc.mapper.mysql.CashMapper.selectPage_mpCount [137] - ==> Parameters: 
2024-07-08 16:14:12,757 [JavaFX Application Thread] DEBUG com.hrzj.yule.calc.mapper.mysql.CashMapper.selectPage_mpCount [137] - <==      Total: 1
2024-07-08 16:14:12,761 [JavaFX Application Thread] DEBUG com.hrzj.yule.calc.mapper.mysql.CashMapper.selectPage [137] - ==>  Preparing: SELECT id,crId,roomName,roomTypeId,roomTypeName,businessDay,esName,startTime,endTime,foodFee,outMinFoodFee,serviceFee,serviceFeeMoney,totalMoney,cTrueMoney,cPayMode,cCashComment,cRoomComment,empId,empName,time,fixMoneyCard,fixMoneyCash,tipMoney,handlingFee,noReward,rewardOther,rewardActive,commission,remark,vip FROM cash ORDER BY id ASC LIMIT ?
2024-07-08 16:14:12,761 [JavaFX Application Thread] DEBUG com.hrzj.yule.calc.mapper.mysql.CashMapper.selectPage [137] - ==> Parameters: 50(Long)
2024-07-08 16:14:12,775 [JavaFX Application Thread] DEBUG com.hrzj.yule.calc.mapper.mysql.CashMapper.selectPage [137] - <==      Total: 50
2024-07-08 16:14:28,716 [JavaFX Application Thread] DEBUG com.hrzj.yule.calc.mapper.mysql.CashMapper.selectPage_mpCount [137] - ==>  Preparing: SELECT COUNT(*) AS total FROM cash WHERE (id = ?)
2024-07-08 16:14:28,717 [JavaFX Application Thread] DEBUG com.hrzj.yule.calc.mapper.mysql.CashMapper.selectPage_mpCount [137] - ==> Parameters: 1174(String)
2024-07-08 16:14:28,719 [JavaFX Application Thread] DEBUG com.hrzj.yule.calc.mapper.mysql.CashMapper.selectPage_mpCount [137] - <==      Total: 1
2024-07-08 16:14:32,573 [JavaFX Application Thread] DEBUG com.hrzj.yule.calc.mapper.mysql.CashMapper.selectPage_mpCount [137] - ==>  Preparing: SELECT COUNT(*) AS total FROM cash WHERE (id = ?)
2024-07-08 16:14:32,574 [JavaFX Application Thread] DEBUG com.hrzj.yule.calc.mapper.mysql.CashMapper.selectPage_mpCount [137] - ==> Parameters: 74(String)
2024-07-08 16:14:32,575 [JavaFX Application Thread] DEBUG com.hrzj.yule.calc.mapper.mysql.CashMapper.selectPage_mpCount [137] - <==      Total: 1
2024-07-08 16:14:52,944 [JavaFX Application Thread] DEBUG com.hrzj.yule.calc.mapper.mysql.CashMapper.selectPage_mpCount [137] - ==>  Preparing: SELECT COUNT(*) AS total FROM cash WHERE (id = ?)
2024-07-08 16:14:52,946 [JavaFX Application Thread] DEBUG com.hrzj.yule.calc.mapper.mysql.CashMapper.selectPage_mpCount [137] - ==> Parameters: 10061174(String)
2024-07-08 16:14:52,947 [JavaFX Application Thread] DEBUG com.hrzj.yule.calc.mapper.mysql.CashMapper.selectPage_mpCount [137] - <==      Total: 1
2024-07-08 16:14:52,947 [JavaFX Application Thread] DEBUG com.hrzj.yule.calc.mapper.mysql.CashMapper.selectPage [137] - ==>  Preparing: SELECT id,crId,roomName,roomTypeId,roomTypeName,businessDay,esName,startTime,endTime,foodFee,outMinFoodFee,serviceFee,serviceFeeMoney,totalMoney,cTrueMoney,cPayMode,cCashComment,cRoomComment,empId,empName,time,fixMoneyCard,fixMoneyCash,tipMoney,handlingFee,noReward,rewardOther,rewardActive,commission,remark,vip FROM cash WHERE (id = ?) ORDER BY id ASC LIMIT ?
2024-07-08 16:14:52,948 [JavaFX Application Thread] DEBUG com.hrzj.yule.calc.mapper.mysql.CashMapper.selectPage [137] - ==> Parameters: 10061174(String), 50(Long)
2024-07-08 16:14:52,949 [JavaFX Application Thread] DEBUG com.hrzj.yule.calc.mapper.mysql.CashMapper.selectPage [137] - <==      Total: 1
2024-07-08 16:14:57,863 [Thread-27] DEBUG com.hrzj.yule.calc.mapper.mysql.CashMapper.selectCount [137] - ==>  Preparing: SELECT COUNT( * ) AS total FROM cash WHERE (id = ?)
2024-07-08 16:14:57,864 [Thread-27] DEBUG com.hrzj.yule.calc.mapper.mysql.CashMapper.selectCount [137] - ==> Parameters: 10061174(String)
2024-07-08 16:14:57,865 [Thread-27] DEBUG com.hrzj.yule.calc.mapper.mysql.CashMapper.selectCount [137] - <==      Total: 1
2024-07-08 16:14:57,882 [Thread-27] DEBUG com.hrzj.yule.calc.mapper.mysql.CashMapper.selectList [137] - ==>  Preparing: SELECT id,crId,roomName,roomTypeId,roomTypeName,businessDay,esName,startTime,endTime,foodFee,outMinFoodFee,serviceFee,serviceFeeMoney,totalMoney,cTrueMoney,cPayMode,cCashComment,cRoomComment,empId,empName,time,fixMoneyCard,fixMoneyCash,tipMoney,handlingFee,noReward,rewardOther,rewardActive,commission,remark,vip FROM cash WHERE (id = ?) ORDER BY id ASC
2024-07-08 16:14:57,883 [Thread-27] DEBUG com.hrzj.yule.calc.mapper.mysql.CashMapper.selectList [137] - ==> Parameters: 10061174(String)
2024-07-08 16:14:57,884 [Thread-27] DEBUG com.hrzj.yule.calc.mapper.mysql.CashMapper.selectList [137] - <==      Total: 1
2024-07-08 16:14:57,889 [Thread-27] DEBUG com.hrzj.yule.calc.mapper.mysql.CashItemMapper.cashItemsByCid [137] - ==>  Preparing: select id, slType, bigType, bigTypeName, cId, empId, empName, foodId, foodName, foodTypeId, foodTypeName, money, quantity, cf.fPrice2 as fPrice, f_fuId, `time` from cash_item left join cash_food cf on cash_item.foodId = cf.fID WHERE cId = ? and slType!=1
2024-07-08 16:14:57,890 [Thread-27] DEBUG com.hrzj.yule.calc.mapper.mysql.CashItemMapper.cashItemsByCid [137] - ==> Parameters: 10061174(Long)
2024-07-08 16:14:57,924 [Thread-27] DEBUG com.hrzj.yule.calc.mapper.mysql.CashItemMapper.cashItemsByCid [137] - <==      Total: 22
2024-07-08 16:14:58,057 [Thread-27] DEBUG com.hrzj.yule.calc.mapper.mysql.FixCashMapper.selectList [137] - ==>  Preparing: select cashId, beerSale, compensation, discount, ham, importWine6000Sale, importWineSale, otherSale, redWineSale, snacksSale, subjoinSale, sumSale, total, businessDay from fix_cash
2024-07-08 16:14:58,058 [Thread-27] DEBUG com.hrzj.yule.calc.mapper.mysql.FixCashMapper.selectList [137] - ==> Parameters: 
2024-07-08 16:14:58,074 [Thread-27] DEBUG com.hrzj.yule.calc.mapper.mysql.FixCashMapper.selectList [137] - <==      Total: 1472
2024-07-08 16:14:58,645 [Thread-27] DEBUG com.hrzj.yule.calc.mapper.mysql.CashItemMapper.cashItemsByCidAndBusinessDay [137] - ==>  Preparing: select c.businessDay,c.id, ci.foodId,ci.bigTypeName,ci.foodTypeName, cf.fName,fu.fuName ,ci.quantity,ci.money,ci.empName, CASE WHEN cpf.sldID IS NOT NULL THEN '是' ELSE '否' END AS present from cash_item ci left join cash c on c.id = ci.cId left join cash_food cf on cf.fid = ci.foodId left join food_unit fu on fu.id = cf.f_fuId left join cash_present_food cpf on cpf.sldID = ci.id WHERE c.id = ? order by c.businessDay,c.id,ci.foodTypeName asc
2024-07-08 16:14:58,645 [Thread-27] DEBUG com.hrzj.yule.calc.mapper.mysql.CashItemMapper.cashItemsByCidAndBusinessDay [137] - ==> Parameters: 10061174(String)
2024-07-08 16:14:58,667 [Thread-27] DEBUG com.hrzj.yule.calc.mapper.mysql.CashItemMapper.cashItemsByCidAndBusinessDay [137] - <==      Total: 23
